2022:03:10 17:13:43.847 $-5level --- [restartedMain] com.poscoict.LoggingRunner - WARN 로그 메시지 
2022:03:10 17:13:43.848 $-5level --- [restartedMain] com.poscoict.LoggingRunner - ERROR 로그 메시지 
2022:03:10 17:15:38.521 WARN  --- [restartedMain] com.poscoict.LoggingRunner - WARN 로그 메시지 
2022:03:10 17:15:38.522 ERROR --- [restartedMain] com.poscoict.LoggingRunner - ERROR 로그 메시지 
2022:03:10 17:21:24.194 WARN  --- [restartedMain] com.poscoict.LoggingRunner - WARN 로그 메시지 
2022:03:10 17:21:24.195 ERROR --- [restartedMain] com.poscoict.LoggingRunner - ERROR 로그 메시지 
2022:03:10 17:21:31.903 WARN  --- [restartedMain] com.poscoict.LoggingRunner - WARN 로그 메시지 
2022:03:10 17:21:31.904 ERROR --- [restartedMain] com.poscoict.LoggingRunner - ERROR 로그 메시지 
2022:03:10 17:21:34.548 WARN  --- [restartedMain] com.poscoict.LoggingRunner - WARN 로그 메시지 
2022:03:10 17:21:34.548 ERROR --- [restartedMain] com.poscoict.LoggingRunner - ERROR 로그 메시지 
2022:03:10 17:21:39.185 WARN  --- [restartedMain] com.poscoict.LoggingRunner - WARN 로그 메시지 
2022:03:10 17:21:39.186 ERROR --- [restartedMain] com.poscoict.LoggingRunner - ERROR 로그 메시지 
2022:03:10 17:21:47.855 WARN  --- [restartedMain] com.poscoict.LoggingRunner - WARN 로그 메시지 
2022:03:10 17:21:47.855 ERROR --- [restartedMain] com.poscoict.LoggingRunner - ERROR 로그 메시지 
2022:03:10 17:21:50.473 WARN  --- [restartedMain] com.poscoict.LoggingRunner - WARN 로그 메시지 
2022:03:10 17:21:50.473 ERROR --- [restartedMain] com.poscoict.LoggingRunner - ERROR 로그 메시지 
2022:03:10 17:24:12.220 WARN  --- [restartedMain] com.poscoict.LoggingRunner - WARN 로그 메시지 
2022:03:10 17:24:12.220 ERROR --- [restartedMain] com.poscoict.LoggingRunner - ERROR 로그 메시지 
2022:03:10 17:24:14.229 WARN  --- [restartedMain] com.poscoict.LoggingRunner - WARN 로그 메시지 
2022:03:10 17:24:14.230 ERROR --- [restartedMain] com.poscoict.LoggingRunner - ERROR 로그 메시지 
2022:03:10 17:28:42.442 WARN  --- [main] com.poscoict.LoggingRunner - WARN 로그 메시지 
2022:03:10 17:28:42.443 ERROR --- [main] com.poscoict.LoggingRunner - ERROR 로그 메시지 
2022:03:10 17:38:31.047 WARN  --- [main] com.poscoict.LoggingRunner - WARN 로그 메시지 
2022:03:10 17:38:31.048 ERROR --- [main] com.poscoict.LoggingRunner - ERROR 로그 메시지 
2022:03:10 17:45:06.660 WARN  --- [main] com.poscoict.LoggingRunner - WARN 로그 메시지 
2022:03:10 17:45:06.661 ERROR --- [main] com.poscoict.LoggingRunner - ERROR 로그 메시지 
2022:03:10 23:53:35.323 WARN  --- [main] com.poscoict.LoggingRunner - WARN 로그 메시지 
2022:03:10 23:53:35.323 ERROR --- [main] com.poscoict.LoggingRunner - ERROR 로그 메시지 
2022:03:10 23:59:54.134 WARN  --- [main] com.poscoict.LoggingRunner - WARN 로그 메시지 
2022:03:10 23:59:54.135 ERROR --- [main] com.poscoict.LoggingRunner - ERROR 로그 메시지 
